[Sun Jan 30 06:22:55.436466 2022] [mpm_event:notice] [pid 2873:tid 139816635051072] AH00489: Apache/2.4.41 (Ubuntu) configured -- resuming normal operations
[Sun Jan 30 06:22:55.440978 2022] [core:notice] [pid 2873:tid 139816635051072] AH00094: Command line: '/usr/sbin/apache2'
[Sun Jan 30 06:24:17.919572 2022] [mpm_event:notice] [pid 2873:tid 139816635051072] AH00491: caught SIGTERM, shutting down
[Sun Jan 30 06:24:18.035107 2022] [mpm_event:notice] [pid 8767:tid 140182749912128] AH00489: Apache/2.4.41 (Ubuntu) mod_wsgi/4.6.8 Python/3.8 configured -- resuming normal operations
[Sun Jan 30 06:24:18.035207 2022] [core:notice] [pid 8767:tid 140182749912128] AH00094: Command line: '/usr/sbin/apache2'
[Sun Jan 30 06:32:28.365178 2022] [mpm_event:notice] [pid 8767:tid 140182749912128] AH00491: caught SIGTERM, shutting down
[Sun Jan 30 06:32:49.458555 2022] [mpm_event:notice] [pid 9556:tid 139672731270208] AH00489: Apache/2.4.41 (Ubuntu) OpenSSL/1.1.1f mod_wsgi/4.6.8 Python/3.8 configured -- resuming normal operations
[Sun Jan 30 06:32:49.458625 2022] [core:notice] [pid 9556:tid 139672731270208] AH00094: Command line: '/usr/sbin/apache2'
[Sun Jan 30 06:34:37.409577 2022] [mpm_event:notice] [pid 9556:tid 139672731270208] AH00491: caught SIGTERM, shutting down
[Sun Jan 30 06:34:37.492236 2022] [mpm_event:notice] [pid 9730:tid 140681440095296] AH00489: Apache/2.4.41 (Ubuntu) OpenSSL/1.1.1f mod_wsgi/4.6.8 Python/3.8 configured -- resuming normal operations
[Sun Jan 30 06:34:37.492301 2022] [core:notice] [pid 9730:tid 140681440095296] AH00094: Command line: '/usr/sbin/apache2'
[Sun Jan 30 06:38:31.778890 2022] [mpm_event:notice] [pid 9730:tid 140681440095296] AH00491: caught SIGTERM, shutting down
[Sun Jan 30 06:38:31.906221 2022] [mpm_event:notice] [pid 10019:tid 139655203277888] AH00489: Apache/2.4.41 (Ubuntu) OpenSSL/1.1.1f mod_wsgi/4.6.8 Python/3.8 configured -- resuming normal operations
[Sun Jan 30 06:38:31.906298 2022] [core:notice] [pid 10019:tid 139655203277888] AH00094: Command line: '/usr/sbin/apache2'
[Sun Jan 30 06:40:11.042310 2022] [mpm_event:notice] [pid 10019:tid 139655203277888] AH00491: caught SIGTERM, shutting down
[Sun Jan 30 06:40:11.186383 2022] [mpm_event:notice] [pid 10154:tid 140364926962752] AH00489: Apache/2.4.41 (Ubuntu) OpenSSL/1.1.1f mod_wsgi/4.6.8 Python/3.8 configured -- resuming normal operations
[Sun Jan 30 06:40:11.186469 2022] [core:notice] [pid 10154:tid 140364926962752] AH00094: Command line: '/usr/sbin/apache2'
[Sun Jan 30 06:40:18.948708 2022] [mpm_event:notice] [pid 10154:tid 140364926962752] AH00493: SIGUSR1 received.  Doing graceful restart
AH00558: apache2: Could not reliably determine the server's fully qualified domain name, using 127.0.1.1. Set the 'ServerName' directive globally to suppress this message
[Sun Jan 30 06:40:19.001686 2022] [mpm_event:notice] [pid 10154:tid 140364926962752] AH00489: Apache/2.4.41 (Ubuntu) OpenSSL/1.1.1f mod_wsgi/4.6.8 Python/3.8 configured -- resuming normal operations
[Sun Jan 30 06:40:19.001704 2022] [core:notice] [pid 10154:tid 140364926962752] AH00094: Command line: '/usr/sbin/apache2'
[Sun Jan 30 06:43:54.733281 2022] [mpm_event:notice] [pid 10154:tid 140364926962752] AH00493: SIGUSR1 received.  Doing graceful restart
AH00558: apache2: Could not reliably determine the server's fully qualified domain name, using 127.0.1.1. Set the 'ServerName' directive globally to suppress this message
[Sun Jan 30 06:43:54.790534 2022] [mpm_event:notice] [pid 10154:tid 140364926962752] AH00489: Apache/2.4.41 (Ubuntu) OpenSSL/1.1.1f mod_wsgi/4.6.8 Python/3.8 configured -- resuming normal operations
[Sun Jan 30 06:43:54.790551 2022] [core:notice] [pid 10154:tid 140364926962752] AH00094: Command line: '/usr/sbin/apache2'
[Sun Jan 30 06:44:47.124534 2022] [mpm_event:notice] [pid 10154:tid 140364926962752] AH00493: SIGUSR1 received.  Doing graceful restart
AH00558: apache2: Could not reliably determine the server's fully qualified domain name, using 127.0.1.1. Set the 'ServerName' directive globally to suppress this message
[Sun Jan 30 06:44:47.177098 2022] [mpm_event:notice] [pid 10154:tid 140364926962752] AH00489: Apache/2.4.41 (Ubuntu) OpenSSL/1.1.1f mod_wsgi/4.6.8 Python/3.8 configured -- resuming normal operations
[Sun Jan 30 06:44:47.177121 2022] [core:notice] [pid 10154:tid 140364926962752] AH00094: Command line: '/usr/sbin/apache2'
[Sun Jan 30 06:45:23.813444 2022] [mpm_event:notice] [pid 10154:tid 140364926962752] AH00491: caught SIGTERM, shutting down
[Sun Jan 30 06:45:23.952969 2022] [mpm_event:notice] [pid 10734:tid 139762439547968] AH00489: Apache/2.4.41 (Ubuntu) OpenSSL/1.1.1f mod_wsgi/4.6.8 Python/3.8 configured -- resuming normal operations
[Sun Jan 30 06:45:23.953085 2022] [core:notice] [pid 10734:tid 139762439547968] AH00094: Command line: '/usr/sbin/apache2'
[Sun Jan 30 06:48:42.644916 2022] [mpm_event:notice] [pid 10734:tid 139762439547968] AH00493: SIGUSR1 received.  Doing graceful restart
AH00558: apache2: Could not reliably determine the server's fully qualified domain name, using 127.0.1.1. Set the 'ServerName' directive globally to suppress this message
[Sun Jan 30 06:48:42.697875 2022] [mpm_event:notice] [pid 10734:tid 139762439547968] AH00489: Apache/2.4.41 (Ubuntu) OpenSSL/1.1.1f mod_wsgi/4.6.8 Python/3.8 configured -- resuming normal operations
[Sun Jan 30 06:48:42.697889 2022] [core:notice] [pid 10734:tid 139762439547968] AH00094: Command line: '/usr/sbin/apache2'
[Sun Jan 30 06:49:07.615636 2022] [mpm_event:notice] [pid 10734:tid 139762439547968] AH00491: caught SIGTERM, shutting down
[Sun Jan 30 06:49:07.762803 2022] [mpm_event:notice] [pid 11053:tid 139966548065344] AH00489: Apache/2.4.41 (Ubuntu) OpenSSL/1.1.1f mod_wsgi/4.6.8 Python/3.8 configured -- resuming normal operations
[Sun Jan 30 06:49:07.762880 2022] [core:notice] [pid 11053:tid 139966548065344] AH00094: Command line: '/usr/sbin/apache2'
